<?xml version="1.0" encoding="utf-8"?><testsuites name="pytest tests"><testsuite name="pytest" errors="0" failures="0" skipped="0" tests="22" time="1.521" timestamp="2026-01-23T21:53:35.718105+00:00" hostname="agent-env-fc522f8c-e601-4ce5-8dc2-f304b1d7dd1e"><testcase classname="tests.test_social_core.TestNetworkFeedAPI" name="test_get_feed_success" time="0.057" /><testcase classname="tests.test_social_core.TestNetworkFeedAPI" name="test_get_feed_with_pagination" time="0.042" /><testcase classname="tests.test_social_core.TestNetworkFeedAPI" name="test_get_feed_with_category_filter" time="0.161" /><testcase classname="tests.test_social_core.TestNetworkFeedAPI" name="test_get_feed_with_sort_options" time="0.161" /><testcase classname="tests.test_social_core.TestNetworkFeedAPI" name="test_get_feed_invalid_category" time="0.043" /><testcase classname="tests.test_social_core.TestConsensusIdeasAPI" name="test_get_ideas_success" time="0.042" /><testcase classname="tests.test_social_core.TestConsensusIdeasAPI" name="test_get_ideas_with_pagination" time="0.039" /><testcase classname="tests.test_social_core.TestConsensusIdeasAPI" name="test_get_ideas_with_category_filter" time="0.159" /><testcase classname="tests.test_social_core.TestConsensusIdeasAPI" name="test_get_ideas_with_sort_options" time="0.130" /><testcase classname="tests.test_social_core.TestConsensusIdeasAPI" name="test_get_ideas_vote_cost_value" time="0.044" /><testcase classname="tests.test_social_core.TestConsensusInfoAPI" name="test_get_info_success" time="0.080" /><testcase classname="tests.test_social_core.TestConsensusInfoAPI" name="test_get_info_costs_structure" time="0.041" /><testcase classname="tests.test_social_core.TestConsensusInfoAPI" name="test_get_info_requirements_structure" time="0.041" /><testcase classname="tests.test_social_core.TestConsensusInfoAPI" name="test_get_info_user_structure" time="0.041" /><testcase classname="tests.test_social_core.TestConsensusInfoAPI" name="test_get_info_rewards_structure" time="0.037" /><testcase classname="tests.test_social_core.TestAuthenticatedEndpoints" name="test_create_post_requires_auth" time="0.038" /><testcase classname="tests.test_social_core.TestAuthenticatedEndpoints" name="test_like_post_requires_auth" time="0.036" /><testcase classname="tests.test_social_core.TestAuthenticatedEndpoints" name="test_create_idea_requires_auth" time="0.036" /><testcase classname="tests.test_social_core.TestAuthenticatedEndpoints" name="test_vote_on_idea_requires_auth" time="0.037" /><testcase classname="tests.test_social_core.TestEdgeCases" name="test_get_nonexistent_post" time="0.037" /><testcase classname="tests.test_social_core.TestEdgeCases" name="test_get_nonexistent_idea" time="0.037" /><testcase classname="tests.test_social_core.TestEdgeCases" name="test_pagination_limits" time="0.122" /></testsuite></testsuites>