<?xml version="1.0" encoding="utf-8"?><testsuites name="pytest tests"><testsuite name="pytest" errors="0" failures="1" skipped="0" tests="22" time="1.571" timestamp="2026-01-23T21:52:12.721343+00:00" hostname="agent-env-fc522f8c-e601-4ce5-8dc2-f304b1d7dd1e"><testcase classname="tests.test_social_core.TestNetworkFeedAPI" name="test_get_feed_success" time="0.072" /><testcase classname="tests.test_social_core.TestNetworkFeedAPI" name="test_get_feed_with_pagination" time="0.037" /><testcase classname="tests.test_social_core.TestNetworkFeedAPI" name="test_get_feed_with_category_filter" time="0.165" /><testcase classname="tests.test_social_core.TestNetworkFeedAPI" name="test_get_feed_with_sort_options" time="0.131" /><testcase classname="tests.test_social_core.TestNetworkFeedAPI" name="test_get_feed_invalid_category" time="0.040" /><testcase classname="tests.test_social_core.TestConsensusIdeasAPI" name="test_get_ideas_success" time="0.038" /><testcase classname="tests.test_social_core.TestConsensusIdeasAPI" name="test_get_ideas_with_pagination" time="0.036" /><testcase classname="tests.test_social_core.TestConsensusIdeasAPI" name="test_get_ideas_with_category_filter" time="0.192" /><testcase classname="tests.test_social_core.TestConsensusIdeasAPI" name="test_get_ideas_with_sort_options" time="0.163" /><testcase classname="tests.test_social_core.TestConsensusIdeasAPI" name="test_get_ideas_vote_cost_value" time="0.048" /><testcase classname="tests.test_social_core.TestConsensusInfoAPI" name="test_get_info_success" time="0.039" /><testcase classname="tests.test_social_core.TestConsensusInfoAPI" name="test_get_info_costs_structure" time="0.041" /><testcase classname="tests.test_social_core.TestConsensusInfoAPI" name="test_get_info_requirements_structure" time="0.076" /><testcase classname="tests.test_social_core.TestConsensusInfoAPI" name="test_get_info_user_structure" time="0.039" /><testcase classname="tests.test_social_core.TestConsensusInfoAPI" name="test_get_info_rewards_structure" time="0.040" /><testcase classname="tests.test_social_core.TestAuthenticatedEndpoints" name="test_create_post_requires_auth" time="0.040" /><testcase classname="tests.test_social_core.TestAuthenticatedEndpoints" name="test_like_post_requires_auth" time="0.036" /><testcase classname="tests.test_social_core.TestAuthenticatedEndpoints" name="test_create_idea_requires_auth" time="0.039" /><testcase classname="tests.test_social_core.TestAuthenticatedEndpoints" name="test_vote_on_idea_requires_auth" time="0.038" /><testcase classname="tests.test_social_core.TestEdgeCases" name="test_get_nonexistent_post" time="0.042" /><testcase classname="tests.test_social_core.TestEdgeCases" name="test_get_nonexistent_idea" time="0.039" /><testcase classname="tests.test_social_core.TestEdgeCases" name="test_pagination_limits" time="0.034"><failure message="assert 422 == 200&#10; +  where 422 = &lt;Response [422]&gt;.status_code">tests/test_social_core.py:280: in test_pagination_limits
    assert response.status_code == 200
E   assert 422 == 200
E    +  where 422 = &lt;Response [422]&gt;.status_code</failure></testcase></testsuite></testsuites>